<?xml version="1.0" encoding="UTF-8"?>
<robot generator="Robot 7.4.1 (Python 3.13.12 on win32)" generated="2026-02-10T11:53:35.175786" rpa="false" schemaversion="5">
<suite id="s1" name="Robotframework" source="C:\dev\robotframework">
<suite id="s1-s1" name="Exemple" source="C:\dev\robotframework\exemple.robot">
<test id="s1-s1-t1" name="Test de connexion OK" line="10">
<kw name="connexion">
<kw name="Open Browser" owner="SeleniumLibrary">
<msg time="2026-02-10T11:53:35.435691" level="INFO">Opening browser 'chrome' to base url 'https://www.saucedemo.com/'.</msg>
<arg>${URL1}</arg>
<arg>chrome</arg>
<doc>Opens a new browser instance to the optional ``url``.</doc>
<status status="PASS" start="2026-02-10T11:53:35.435431" elapsed="0.791127"/>
</kw>
<kw name="Input Text" owner="SeleniumLibrary">
<msg time="2026-02-10T11:53:36.227463" level="INFO">Typing text 'standard_user' into text field 'id:user-name'.</msg>
<arg>id:user-name</arg>
<arg>${username}</arg>
<doc>Types the given ``text`` into the text field identified by ``locator``.</doc>
<status status="PASS" start="2026-02-10T11:53:36.226842" elapsed="0.074365"/>
</kw>
<kw name="Input Text" owner="SeleniumLibrary">
<msg time="2026-02-10T11:53:36.301809" level="INFO">Typing text 'secret-sauce' into text field 'id:password'.</msg>
<arg>id:password</arg>
<arg>${password}</arg>
<doc>Types the given ``text`` into the text field identified by ``locator``.</doc>
<status status="PASS" start="2026-02-10T11:53:36.301410" elapsed="0.058894"/>
</kw>
<kw name="Click Button" owner="SeleniumLibrary">
<msg time="2026-02-10T11:53:36.360793" level="INFO">Clicking button 'id=login-button'.</msg>
<arg>id=login-button</arg>
<doc>Clicks the button identified by ``locator``.</doc>
<status status="PASS" start="2026-02-10T11:53:36.360489" elapsed="0.053439"/>
</kw>
<arg>standard_user</arg>
<arg>secret-sauce</arg>
<status status="PASS" start="2026-02-10T11:53:35.434830" elapsed="0.979252"/>
</kw>
<status status="PASS" start="2026-02-10T11:53:35.432640" elapsed="0.981765"/>
</test>
<status status="PASS" start="2026-02-10T11:53:35.217058" elapsed="1.202757"/>
</suite>
<status status="PASS" start="2026-02-10T11:53:35.189769" elapsed="1.234036"/>
</suite>
<statistics>
<total>
<stat pass="1" fail="0" skip="0">All Tests</stat>
</total>
<tag>
</tag>
<suite>
<stat name="Robotframework" id="s1" pass="1" fail="0" skip="0">Robotframework</stat>
<stat name="Exemple" id="s1-s1" pass="1" fail="0" skip="0">Robotframework.Exemple</stat>
</suite>
</statistics>
<errors>
</errors>
</robot>
